0 info it worked if it ends with ok
1 verbose cli [ 'node', '/usr/local/bin/npm', 'run', 'start' ]
2 info using npm@2.13.0
3 info using node@v0.12.6
4 verbose run-script [ 'prestart', 'start', 'poststart' ]
5 info prestart simple_express_server@0.0.0
6 info start simple_express_server@0.0.0
7 verbose unsafe-perm in lifecycle true
8 info simple_express_server@0.0.0 Failed to exec start script
9 verbose stack Error: simple_express_server@0.0.0 start: `npm i; cd ui; npm i;  node_modules/webpack/bin/webpack.js; cd..`
9 verbose stack spawn ENOENT
9 verbose stack     at ChildProcess.<anonymous> (/usr/local/lib/node_modules/npm/lib/utils/spawn.js:17:16)
9 verbose stack     at ChildProcess.emit (events.js:110:17)
9 verbose stack     at maybeClose (child_process.js:1015:16)
9 verbose stack     at Process.ChildProcess._handle.onexit (child_process.js:1087:5)
10 verbose pkgid simple_express_server@0.0.0
11 verbose cwd /home/vitalii/openshift/git
12 error Linux 3.13.0-63-generic
13 error argv "node" "/usr/local/bin/npm" "run" "start"
14 error node v0.12.6
15 error npm  v2.13.0
16 error file sh
17 error code ELIFECYCLE
18 error errno ENOENT
19 error syscall spawn
20 error simple_express_server@0.0.0 start: `npm i; cd ui; npm i;  node_modules/webpack/bin/webpack.js; cd..`
20 error spawn ENOENT
21 error Failed at the simple_express_server@0.0.0 start script 'npm i; cd ui; npm i;  node_modules/webpack/bin/webpack.js; cd..'.
21 error This is most likely a problem with the simple_express_server package,
21 error not with npm itself.
21 error Tell the author that this fails on your system:
21 error     npm i; cd ui; npm i;  node_modules/webpack/bin/webpack.js; cd..
21 error You can get their info via:
21 error     npm owner ls simple_express_server
21 error There is likely additional logging output above.
22 verbose exit [ 1, true ]
